-------------------------------------------------------------------------------
Test set: com.xmysql.server.test.JoinQueryTest
-------------------------------------------------------------------------------
Tests run: 1, Failures: 0, Errors: 1, Skipped: 0, Time elapsed: 0.039 s <<< FAILURE! -- in com.xmysql.server.test.JoinQueryTest
com.xmysql.server.test.JoinQueryTest -- Time elapsed: 0.039 s <<< ERROR!
java.sql.SQLException: execute storage-integrated INSERT failed: 更新索引失败: 生成主键字节失败: 未找到主键列或主键值
	at com.mysql.cj.jdbc.exceptions.SQLError.createSQLException(SQLError.java:130)
	at com.mysql.cj.jdbc.exceptions.SQLExceptionsMapping.translateException(SQLExceptionsMapping.java:122)
	at com.mysql.cj.jdbc.StatementImpl.executeUpdateInternal(StatementImpl.java:1334)
	at com.mysql.cj.jdbc.StatementImpl.executeLargeUpdate(StatementImpl.java:2084)
	at com.mysql.cj.jdbc.StatementImpl.executeUpdate(StatementImpl.java:1245)
	at com.xmysql.server.test.JoinQueryTest.setUpTestDatabase(JoinQueryTest.java:55)
	at java.base/java.lang.reflect.Method.invoke(Method.java:568)
	at java.base/java.util.ArrayList.forEach(ArrayList.java:1511)

