<?xml version="1.0" encoding="UTF-8"?>
<testsuite xmlns:xsi="http://www.w3.org/2001/XMLSchema-instance" xsi:noNamespaceSchemaLocation="https://maven.apache.org/surefire/maven-surefire-plugin/xsd/surefire-test-report-3.0.xsd" version="3.0" name="com.xmysql.server.test.SystemVariableTest" time="0.265" tests="15" errors="0" skipped="0" failures="0">
  <properties>
[...]
</properties>
  <testcase name="testSelectVersion" classname="com.xmysql.server.test.SystemVariableTest" time="0.101">
    <system-out><![CDATA[✅ 数据库连接已建立
ℹ️  数据库版本: 8.0.32
✅ @@version查询测试通过
]]></system-out>
  </testcase>
  <testcase name="testSelectCharacterSetClient" classname="com.xmysql.server.test.SystemVariableTest" time="0.005">
    <system-out><![CDATA[ℹ️  客户端字符集: utf8mb4
✅ @@character_set_client查询测试通过
]]></system-out>
  </testcase>
  <testcase name="testSelectAutocommit" classname="com.xmysql.server.test.SystemVariableTest" time="0.012">
    <system-out><![CDATA[ℹ️  自动提交状态: 1
✅ @@session.autocommit查询测试通过
]]></system-out>
  </testcase>
  <testcase name="testSelectGlobalPort" classname="com.xmysql.server.test.SystemVariableTest" time="0.008">
    <system-out><![CDATA[ℹ️  数据库端口: 3309
✅ @@global.port查询测试通过
]]></system-out>
  </testcase>
  <testcase name="testSelectMultipleVariables" classname="com.xmysql.server.test.SystemVariableTest" time="0.005">
    <system-out><![CDATA[✅ 多个系统变量查询测试通过
]]></system-out>
  </testcase>
  <testcase name="testSetAutocommit" classname="com.xmysql.server.test.SystemVariableTest" time="0.01">
    <system-out><![CDATA[✅ SET autocommit测试通过
]]></system-out>
  </testcase>
  <testcase name="testSetCharacterSetResults" classname="com.xmysql.server.test.SystemVariableTest" time="0.012">
    <system-out><![CDATA[✅ SET character_set_results测试通过
]]></system-out>
  </testcase>
  <testcase name="testSetTimeZone" classname="com.xmysql.server.test.SystemVariableTest" time="0.009">
    <system-out><![CDATA[✅ SET time_zone测试通过
]]></system-out>
  </testcase>
  <testcase name="testSetSqlMode" classname="com.xmysql.server.test.SystemVariableTest" time="0.013">
    <system-out><![CDATA[ℹ️  原始SQL模式: TRADITIONAL,STRICT_TRANS_TABLES
✅ SET sql_mode测试通过
]]></system-out>
  </testcase>
  <testcase name="testSetNames" classname="com.xmysql.server.test.SystemVariableTest" time="0.017">
    <system-out><![CDATA[ℹ️  Client: utf8mb4, Connection: utf8mb4, Results: utf8
✅ SET NAMES测试通过
]]></system-out>
  </testcase>
  <testcase name="testShowVariables" classname="com.xmysql.server.test.SystemVariableTest" time="0.008">
    <system-out><![CDATA[ℹ️  auto_increment_increment = 1
ℹ️  auto_increment_offset = 1
ℹ️  autocommit = 1
ℹ️  basedir = /Users/zhukovasky/GolandProjects/xmysql-server
ℹ️  character_set_client = utf8mb4
ℹ️  character_set_connection = utf8mb4
ℹ️  character_set_database = utf8mb4
ℹ️  character_set_results = utf8
ℹ️  character_set_server = utf8mb4
ℹ️  character_set_system = utf8
✅ SHOW VARIABLES测试通过
]]></system-out>
  </testcase>
  <testcase name="testShowVariablesLike" classname="com.xmysql.server.test.SystemVariableTest" time="0.007">
    <system-out><![CDATA[✅ SHOW VARIABLES LIKE测试通过
]]></system-out>
  </testcase>
  <testcase name="testShowSessionVariables" classname="com.xmysql.server.test.SystemVariableTest" time="0.006">
    <system-out><![CDATA[✅ SHOW SESSION VARIABLES测试通过
]]></system-out>
  </testcase>
  <testcase name="testShowGlobalVariables" classname="com.xmysql.server.test.SystemVariableTest" time="0.004">
    <system-out><![CDATA[✅ SHOW GLOBAL VARIABLES测试通过
]]></system-out>
  </testcase>
  <testcase name="testSetMultipleVariables" classname="com.xmysql.server.test.SystemVariableTest" time="0.005">
    <system-out><![CDATA[✅ SET多个变量测试通过
]]></system-out>
  </testcase>
</testsuite>