<?xml version="1.0" encoding="UTF-8"?>
<testsuite xmlns:xsi="http://www.w3.org/2001/XMLSchema-instance" xsi:noNamespaceSchemaLocation="https://maven.apache.org/surefire/maven-surefire-plugin/xsd/surefire-test-report-3.0.xsd" version="3.0" name="com.xmysql.server.test.JdbcConnectionTest" time="0.659" tests="9" errors="0" skipped="0" failures="0">
  <properties>
[...]
</properties>
  <testcase name="testConnectionSucceedsWithValidCredentials" classname="com.xmysql.server.test.JdbcConnectionTest" time="0.091"/>
  <testcase name="testConnectionMetadataReflectsServer" classname="com.xmysql.server.test.JdbcConnectionTest" time="0.016"/>
  <testcase name="testConnectionCloseMakesIsClosedTrue" classname="com.xmysql.server.test.JdbcConnectionTest" time="0.008"/>
  <testcase name="testConnectionFailsWithWrongPassword" classname="com.xmysql.server.test.JdbcConnectionTest" time="0.014"/>
  <testcase name="testConnectionWithDefaultDatabaseInUrl" classname="com.xmysql.server.test.JdbcConnectionTest" time="0.009"/>
  <testcase name="testConnectionWithoutDatabaseCatalog" classname="com.xmysql.server.test.JdbcConnectionTest" time="0.007"/>
  <testcase name="testExecuteSimpleQueryAfterConnect" classname="com.xmysql.server.test.JdbcConnectionTest" time="0.045"/>
  <testcase name="testDataGripMetadataProbeQueriesDoNotFail" classname="com.xmysql.server.test.JdbcConnectionTest" time="0.025"/>
  <testcase name="testDataGripFullMetadataSqlProbesDoNotFail" classname="com.xmysql.server.test.JdbcConnectionTest" time="0.052"/>
</testsuite>