<?xml version="1.0" encoding="UTF-8"?>
<testsuite xmlns:xsi="http://www.w3.org/2001/XMLSchema-instance" xsi:noNamespaceSchemaLocation="https://maven.apache.org/surefire/maven-surefire-plugin/xsd/surefire-test-report-3.0.xsd" version="3.0" name="com.xmysql.server.test.SelectQueryTest" time="0.03" tests="1" errors="1" skipped="0" failures="0">
  <properties>
[...]
</properties>
  <testcase name="" classname="com.xmysql.server.test.SelectQueryTest" time="0.03">
    <error message="execute storage-integrated INSERT failed: 更新索引失败: 生成主键字节失败: 未找到主键列或主键值" type="java.sql.SQLException"><![CDATA[java.sql.SQLException: execute storage-integrated INSERT failed: 更新索引失败: 生成主键字节失败: 未找到主键列或主键值
	at com.mysql.cj.jdbc.exceptions.SQLError.createSQLException(SQLError.java:130)
	at com.mysql.cj.jdbc.exceptions.SQLExceptionsMapping.translateException(SQLExceptionsMapping.java:122)
	at com.mysql.cj.jdbc.StatementImpl.executeUpdateInternal(StatementImpl.java:1334)
	at com.mysql.cj.jdbc.StatementImpl.executeLargeUpdate(StatementImpl.java:2084)
	at com.mysql.cj.jdbc.StatementImpl.executeUpdate(StatementImpl.java:1245)
	at com.xmysql.server.test.SelectQueryTest.setUpTestDatabase(SelectQueryTest.java:37)
	at java.base/java.lang.reflect.Method.invoke(Method.java:568)
	at java.base/java.util.ArrayList.forEach(ArrayList.java:1511)
]]></error>
    <system-out><![CDATA[✅ 数据库连接已建立
✅ 数据库连接已关闭
]]></system-out>
  </testcase>
</testsuite>