<?xml version="1.0" encoding="UTF-8"?>
<testsuite xmlns:xsi="http://www.w3.org/2001/XMLSchema-instance" xsi:noNamespaceSchemaLocation="https://maven.apache.org/surefire/maven-surefire-plugin/xsd/surefire-test-report-3.0.xsd" version="3.0" name="com.xmysql.server.test.DDLOperationsTest" time="1.276" tests="14" errors="13" skipped="0" failures="1">
  <properties>
[...]
</properties>
  <testcase name="testCreateDatabase" classname="com.xmysql.server.test.DDLOperationsTest" time="0.106">
    <error message="Not a navigable ResultSet." type="java.sql.SQLException"><![CDATA[java.sql.SQLException: Not a navigable ResultSet.
	at com.mysql.cj.jdbc.exceptions.SQLError.createSQLException(SQLError.java:130)
	at com.mysql.cj.jdbc.exceptions.SQLError.createSQLException(SQLError.java:98)
	at com.mysql.cj.jdbc.exceptions.SQLError.createSQLException(SQLError.java:90)
	at com.mysql.cj.jdbc.exceptions.SQLError.createSQLException(SQLError.java:64)
	at com.mysql.cj.jdbc.result.ResultSetImpl.next(ResultSetImpl.java:1804)
	at com.xmysql.server.test.BaseIntegrationTest.databaseExists(BaseIntegrationTest.java:91)
	at com.xmysql.server.test.DDLOperationsTest.testCreateDatabase(DDLOperationsTest.java:39)
	at java.base/java.lang.reflect.Method.invoke(Method.java:568)
	at java.base/java.util.ArrayList.forEach(ArrayList.java:1511)
	at java.base/java.util.ArrayList.forEach(ArrayList.java:1511)
	Suppressed: java.sql.SQLException: database 'test_ddl_db_5' does not exist
		at com.mysql.cj.jdbc.exceptions.SQLError.createSQLException(SQLError.java:130)
		at com.mysql.cj.jdbc.exceptions.SQLExceptionsMapping.translateException(SQLExceptionsMapping.java:122)
		at com.mysql.cj.jdbc.StatementImpl.executeUpdateInternal(StatementImpl.java:1334)
		at com.mysql.cj.jdbc.StatementImpl.executeLargeUpdate(StatementImpl.java:2084)
		at com.mysql.cj.jdbc.StatementImpl.executeUpdate(StatementImpl.java:1245)
		at com.xmysql.server.test.BaseIntegrationTest.executeUpdate(BaseIntegrationTest.java:64)
		at com.xmysql.server.test.BaseIntegrationTest.dropDatabaseIfExists(BaseIntegrationTest.java:125)
		at com.xmysql.server.test.DDLOperationsTest.cleanUp(DDLOperationsTest.java:25)
		... 3 more
]]></error>
    <system-out><![CDATA[✅ 数据库连接已建立
]]></system-out>
  </testcase>
  <testcase name="testCreateDatabaseIfNotExists" classname="com.xmysql.server.test.DDLOperationsTest" time="0.018">
    <error message="Not a navigable ResultSet." type="java.sql.SQLException"><![CDATA[java.sql.SQLException: Not a navigable ResultSet.
	at com.mysql.cj.jdbc.exceptions.SQLError.createSQLException(SQLError.java:130)
	at com.mysql.cj.jdbc.exceptions.SQLError.createSQLException(SQLError.java:98)
	at com.mysql.cj.jdbc.exceptions.SQLError.createSQLException(SQLError.java:90)
	at com.mysql.cj.jdbc.exceptions.SQLError.createSQLException(SQLError.java:64)
	at com.mysql.cj.jdbc.result.ResultSetImpl.next(ResultSetImpl.java:1804)
	at com.xmysql.server.test.BaseIntegrationTest.databaseExists(BaseIntegrationTest.java:91)
	at com.xmysql.server.test.DDLOperationsTest.testCreateDatabaseIfNotExists(DDLOperationsTest.java:51)
	at java.base/java.lang.reflect.Method.invoke(Method.java:568)
	at java.base/java.util.ArrayList.forEach(ArrayList.java:1511)
	at java.base/java.util.ArrayList.forEach(ArrayList.java:1511)
	Suppressed: java.sql.SQLException: database 'test_ddl_db_1' does not exist
		at com.mysql.cj.jdbc.exceptions.SQLError.createSQLException(SQLError.java:130)
		at com.mysql.cj.jdbc.exceptions.SQLExceptionsMapping.translateException(SQLExceptionsMapping.java:122)
		at com.mysql.cj.jdbc.StatementImpl.executeUpdateInternal(StatementImpl.java:1334)
		at com.mysql.cj.jdbc.StatementImpl.executeLargeUpdate(StatementImpl.java:2084)
		at com.mysql.cj.jdbc.StatementImpl.executeUpdate(StatementImpl.java:1245)
		at com.xmysql.server.test.BaseIntegrationTest.executeUpdate(BaseIntegrationTest.java:64)
		at com.xmysql.server.test.BaseIntegrationTest.dropDatabaseIfExists(BaseIntegrationTest.java:125)
		at com.xmysql.server.test.DDLOperationsTest.cleanUp(DDLOperationsTest.java:25)
		... 3 more
]]></error>
  </testcase>
  <testcase name="testCreateDatabaseWithCharset" classname="com.xmysql.server.test.DDLOperationsTest" time="0.011">
    <error message="Not a navigable ResultSet." type="java.sql.SQLException"><![CDATA[java.sql.SQLException: Not a navigable ResultSet.
	at com.mysql.cj.jdbc.exceptions.SQLError.createSQLException(SQLError.java:130)
	at com.mysql.cj.jdbc.exceptions.SQLError.createSQLException(SQLError.java:98)
	at com.mysql.cj.jdbc.exceptions.SQLError.createSQLException(SQLError.java:90)
	at com.mysql.cj.jdbc.exceptions.SQLError.createSQLException(SQLError.java:64)
	at com.mysql.cj.jdbc.result.ResultSetImpl.next(ResultSetImpl.java:1804)
	at com.xmysql.server.test.BaseIntegrationTest.databaseExists(BaseIntegrationTest.java:91)
	at com.xmysql.server.test.DDLOperationsTest.testCreateDatabaseWithCharset(DDLOperationsTest.java:69)
	at java.base/java.lang.reflect.Method.invoke(Method.java:568)
	at java.base/java.util.ArrayList.forEach(ArrayList.java:1511)
	at java.base/java.util.ArrayList.forEach(ArrayList.java:1511)
	Suppressed: java.sql.SQLException: database 'test_ddl_db_1' does not exist
		at com.mysql.cj.jdbc.exceptions.SQLError.createSQLException(SQLError.java:130)
		at com.mysql.cj.jdbc.exceptions.SQLExceptionsMapping.translateException(SQLExceptionsMapping.java:122)
		at com.mysql.cj.jdbc.StatementImpl.executeUpdateInternal(StatementImpl.java:1334)
		at com.mysql.cj.jdbc.StatementImpl.executeLargeUpdate(StatementImpl.java:2084)
		at com.mysql.cj.jdbc.StatementImpl.executeUpdate(StatementImpl.java:1245)
		at com.xmysql.server.test.BaseIntegrationTest.executeUpdate(BaseIntegrationTest.java:64)
		at com.xmysql.server.test.BaseIntegrationTest.dropDatabaseIfExists(BaseIntegrationTest.java:125)
		at com.xmysql.server.test.DDLOperationsTest.cleanUp(DDLOperationsTest.java:25)
		... 3 more
]]></error>
  </testcase>
  <testcase name="testDropDatabase" classname="com.xmysql.server.test.DDLOperationsTest" time="0.013">
    <error message="Not a navigable ResultSet." type="java.sql.SQLException"><![CDATA[java.sql.SQLException: Not a navigable ResultSet.
	at com.mysql.cj.jdbc.exceptions.SQLError.createSQLException(SQLError.java:130)
	at com.mysql.cj.jdbc.exceptions.SQLError.createSQLException(SQLError.java:98)
	at com.mysql.cj.jdbc.exceptions.SQLError.createSQLException(SQLError.java:90)
	at com.mysql.cj.jdbc.exceptions.SQLError.createSQLException(SQLError.java:64)
	at com.mysql.cj.jdbc.result.ResultSetImpl.next(ResultSetImpl.java:1804)
	at com.xmysql.server.test.BaseIntegrationTest.databaseExists(BaseIntegrationTest.java:91)
	at com.xmysql.server.test.DDLOperationsTest.testDropDatabase(DDLOperationsTest.java:81)
	at java.base/java.lang.reflect.Method.invoke(Method.java:568)
	at java.base/java.util.ArrayList.forEach(ArrayList.java:1511)
	at java.base/java.util.ArrayList.forEach(ArrayList.java:1511)
	Suppressed: java.sql.SQLException: database 'test_ddl_db_1' does not exist
		at com.mysql.cj.jdbc.exceptions.SQLError.createSQLException(SQLError.java:130)
		at com.mysql.cj.jdbc.exceptions.SQLExceptionsMapping.translateException(SQLExceptionsMapping.java:122)
		at com.mysql.cj.jdbc.StatementImpl.executeUpdateInternal(StatementImpl.java:1334)
		at com.mysql.cj.jdbc.StatementImpl.executeLargeUpdate(StatementImpl.java:2084)
		at com.mysql.cj.jdbc.StatementImpl.executeUpdate(StatementImpl.java:1245)
		at com.xmysql.server.test.BaseIntegrationTest.executeUpdate(BaseIntegrationTest.java:64)
		at com.xmysql.server.test.BaseIntegrationTest.dropDatabaseIfExists(BaseIntegrationTest.java:125)
		at com.xmysql.server.test.DDLOperationsTest.cleanUp(DDLOperationsTest.java:25)
		... 3 more
]]></error>
  </testcase>
  <testcase name="testDropDatabaseIfExists" classname="com.xmysql.server.test.DDLOperationsTest" time="0.154">
    <failure message="&#10;Expecting code not to raise a throwable but caught&#10;  &quot;java.sql.SQLException: database &apos;test_ddl_db_5&apos; does not exist&#10;	at com.mysql.cj.jdbc.exceptions.SQLError.createSQLException(SQLError.java:130)&#10;	at com.mysql.cj.jdbc.exceptions.SQLExceptionsMapping.translateException(SQLExceptionsMapping.java:122)&#10;	at com.mysql.cj.jdbc.StatementImpl.executeUpdateInternal(StatementImpl.java:1334)&#10;	at com.mysql.cj.jdbc.StatementImpl.executeLargeUpdate(StatementImpl.java:2084)&#10;	at com.mysql.cj.jdbc.StatementImpl.executeUpdate(StatementImpl.java:1245)&#10;	at com.xmysql.server.test.BaseIntegrationTest.executeUpdate(BaseIntegrationTest.java:64)&#10;	at com.xmysql.server.test.DDLOperationsTest.lambda$1(DDLOperationsTest.java:97)&#10;	at org.assertj.core.api.ThrowableAssert.catchThrowable(ThrowableAssert.java:63)&#10;	at org.assertj.core.api.AssertionsForClassTypes.catchThrowable(AssertionsForClassTypes.java:892)&#10;	at org.assertj.core.api.AssertionsForClassTypes.assertThatCode(AssertionsForClassTypes.java:863)&#10;	at org.assertj.core.api.Assertions.assertThatCode(Assertions.java:1287)&#10;	at com.xmysql.server.test.DDLOperationsTest.testDropDatabaseIfExists(DDLOperationsTest.java:97)&#10;	at java.base/jdk.internal.reflect.NativeMethodAccessorImpl.invoke0(Native Method)&#10;	at java.base/jdk.internal.reflect.NativeMethodAccessorImpl.invoke(NativeMethodAccessorImpl.java:77)&#10;	at java.base/jdk.internal.reflect.DelegatingMethodAccessorImpl.invoke(DelegatingMethodAccessorImpl.java:43)&#10;	at java.base/java.lang.reflect.Method.invoke(Method.java:568)&#10;	at org.junit.platform.commons.util.ReflectionUtils.invokeMethod(ReflectionUtils.java:728)&#10;	at org.junit.jupiter.engine.execution.MethodInvocation.proceed(MethodInvocation.java:60)&#10;	at org.junit.jupiter.engine.execution.InvocationInterceptorChain$ValidatingInvocation.proceed(InvocationInterceptorChain.java:131)&#10;	at org.junit.jupiter.engine.extension.TimeoutExtension.intercept(TimeoutExtension.java:156)&#10;	at org.junit.jupiter.engine.extension.TimeoutExtension.interceptTestableMethod(TimeoutExtension.java:147)&#10;	at org.junit.jupiter.engine.extension.TimeoutExtension.interceptTestMethod(TimeoutExtension.java:86)&#10;	at org.junit.jupiter.engine.execution.InterceptingExecutableInvoker$ReflectiveInterceptorCall.lambda$ofVoidMethod$0(InterceptingExecutableInvoker.java:103)&#10;	at org.junit.jupiter.engine.execution.InterceptingExecutableInvoker.lambda$invoke$0(InterceptingExecutableInvoker.java:93)&#10;	at org.junit.jupiter.engine.execution.InvocationInterceptorChain$InterceptedInvocation.proceed(InvocationInterceptorChain.java:106)&#10;	at org.junit.jupiter.engine.execution.InvocationInterceptorChain.proceed(InvocationInterceptorChain.java:64)&#10;	at org.junit.jupiter.engine.execution.InvocationInterceptorChain.chainAndInvoke(InvocationInterceptorChain.java:45)&#10;	at org.junit.jupiter.engine.execution.InvocationInterceptorChain.invoke(InvocationInterceptorChain.java:37)&#10;	at org.junit.jupiter.engine.execution.InterceptingExecutableInvoker.invoke(InterceptingExecutableInvoker.java:92)&#10;	at org.junit.jupiter.engine.execution.InterceptingExecutableInvoker.invoke(InterceptingExecutableInvoker.java:86)&#10;	at org.junit.jupiter.engine.descriptor.TestMethodTestDescriptor.lambda$invokeTestMethod$7(TestMethodTestDescriptor.java:218)&#10;	at org.junit.platform.engine.support.hierarchical.ThrowableCollector.execute(ThrowableCollector.java:73)&#10;	at org.junit.jupiter.engine.descriptor.TestMethodTestDescriptor.invokeTestMethod(TestMethodTestDescriptor.java:214)&#10;	at org.junit.jupiter.engine.descriptor.TestMethodTestDescriptor.execute(TestMethodTestDescriptor.java:139)&#10;	at org.junit.jupiter.engine.descriptor.TestMethodTestDescriptor.execute(TestMethodTestDescriptor.java:69)&#10;	at org.junit.platform.engine.support.hierarchical.NodeTestTask.lambda$executeRecursively$6(NodeTestTask.java:151)&#10;	at org.junit.platform.engine.support.hierarchical.ThrowableCollector.execute(ThrowableCollector.java:73)&#10;	at org.junit.platform.engine.support.hierarchical.NodeTestTask.lambda$executeRecursively$8(NodeTestTask.java:141)&#10;	at org.junit.platform.engine.support.hierarchical.Node.around(Node.java:137)&#10;	at org.junit.platform.engine.support.hierarchical.NodeTestTask.lambda$executeRecursively$9(NodeTestTask.java:139)&#10;	at org.junit.platform.engine.support.hierarchical.ThrowableCollector.execute(ThrowableCollector.java:73)&#10;	at org.junit.platform.engine.support.hierarchical.NodeTestTask.executeRecursively(NodeTestTask.java:138)&#10;	at org.junit.platform.engine.support.hierarchical.NodeTestTask.execute(NodeTestTask.java:95)&#10;	at java.base/java.util.ArrayList.forEach(ArrayList.java:1511)&#10;	at org.junit.platform.engine.support.hierarchical.SameThreadHierarchicalTestExecutorService.invokeAll(SameThreadHierarchicalTestExecutorService.java:41)&#10;	at org.junit.platform.engine.support.hierarchical.NodeTestTask.lambda$executeRecursively$6(NodeTestTask.java:155)&#10;	at org.junit.platform.engine.support.hierarchical.ThrowableCollector.execute(ThrowableCollector.java:73)&#10;	at org.junit.platform.engine.support.hierarchical.NodeTestTask.lambda$executeRecursively$8(NodeTestTask.java:141)&#10;	at org.junit.platform.engine.support.hierarchical.Node.around(Node.java:137)&#10;	at org.junit.platform.engine.support.hierarchical.NodeTestTask.lambda$executeRecursively$9(NodeTestTask.java:139)&#10;	at org.junit.platform.engine.support.hierarchical.ThrowableCollector.execute(ThrowableCollector.java:73)&#10;	at org.junit.platform.engine.support.hierarchical.NodeTestTask.executeRecursively(NodeTestTask.java:138)&#10;	at org.junit.platform.engine.support.hierarchical.NodeTestTask.execute(NodeTestTask.java:95)&#10;	at java.base/java.util.ArrayList.forEach(ArrayList.java:1511)&#10;	at org.junit.platform.engine.support.hierarchical.SameThreadHierarchicalTestExecutorService.invokeAll(SameThreadHierarchicalTestExecutorService.java:41)&#10;	at org.junit.platform.engine.support.hierarchical.NodeTestTask.lambda$executeRecursively$6(NodeTestTask.java:155)&#10;	at org.junit.platform.engine.support.hierarchical.ThrowableCollector.execute(ThrowableCollector.java:73)&#10;	at org.junit.platform.engine.support.hierarchical.NodeTestTask.lambda$executeRecursively$8(NodeTestTask.java:141)&#10;	at org.junit.platform.engine.support.hierarchical.Node.around(Node.java:137)&#10;	at org.junit.platform.engine.support.hierarchical.NodeTestTask.lambda$executeRecursively$9(NodeTestTask.java:139)&#10;	at org.junit.platform.engine.support.hierarchical.ThrowableCollector.execute(ThrowableCollector.java:73)&#10;	at org.junit.platform.engine.support.hierarchical.NodeTestTask.executeRecursively(NodeTestTask.java:138)&#10;	at org.junit.platform.engine.support.hierarchical.NodeTestTask.execute(NodeTestTask.java:95)&#10;	at org.junit.platform.engine.support.hierarchical.SameThreadHierarchicalTestExecutorService.submit(SameThreadHierarchicalTestExecutorService.java:35)&#10;	at org.junit.platform.engine.support.hierarchical.HierarchicalTestExecutor.execute(HierarchicalTestExecutor.java:57)&#10;	at org.junit.platform.engine.support.hierarchical.HierarchicalTestEngine.execute(HierarchicalTestEngine.java:54)&#10;	at org.junit.platform.launcher.core.EngineExecutionOrchestrator.execute(EngineExecutionOrchestrator.java:198)&#10;	at org.junit.platform.launcher.core.EngineExecutionOrchestrator.execute(EngineExecutionOrchestrator.java:169)&#10;	at org.junit.platform.launcher.core.EngineExecutionOrchestrator.execute(EngineExecutionOrchestrator.java:93)&#10;	at org.junit.platform.launcher.core.EngineExecutionOrchestrator.lambda$execute$0(EngineExecutionOrchestrator.java:58)&#10;	at org.junit.platform.launcher.core.EngineExecutionOrchestrator.withInterceptedStreams(EngineExecutionOrchestrator.java:141)&#10;	at org.junit.platform.launcher.core.EngineExecutionOrchestrator.execute(EngineExecutionOrchestrator.java:57)&#10;	at org.junit.platform.launcher.core.DefaultLauncher.execute(DefaultLauncher.java:103)&#10;	at org.junit.platform.launcher.core.DefaultLauncher.execute(DefaultLauncher.java:85)&#10;	at org.junit.platform.launcher.core.DelegatingLauncher.execute(DelegatingLauncher.java:47)&#10;	at org.apache.maven.surefire.junitplatform.LazyLauncher.execute(LazyLauncher.java:56)&#10;	at org.apache.maven.surefire.junitplatform.JUnitPlatformProvider.execute(JUnitPlatformProvider.java:184)&#10;	at org.apache.maven.surefire.junitplatform.JUnitPlatformProvider.invokeAllTests(JUnitPlatformProvider.java:148)&#10;	at org.apache.maven.surefire.junitplatform.JUnitPlatformProvider.invoke(JUnitPlatformProvider.java:122)&#10;	at org.apache.maven.surefire.booter.ForkedBooter.runSuitesInProcess(ForkedBooter.java:385)&#10;	at org.apache.maven.surefire.booter.ForkedBooter.execute(ForkedBooter.java:162)&#10;	at org.apache.maven.surefire.booter.ForkedBooter.run(ForkedBooter.java:507)&#10;	at org.apache.maven.surefire.booter.ForkedBooter.main(ForkedBooter.java:495)&#10;&quot;" type="java.lang.AssertionError"><![CDATA[java.lang.AssertionError: 

Expecting code not to raise a throwable but caught
  "java.sql.SQLException: database 'test_ddl_db_5' does not exist
	at com.mysql.cj.jdbc.exceptions.SQLError.createSQLException(SQLError.java:130)
	at com.mysql.cj.jdbc.exceptions.SQLExceptionsMapping.translateException(SQLExceptionsMapping.java:122)
	at com.mysql.cj.jdbc.StatementImpl.executeUpdateInternal(StatementImpl.java:1334)
	at com.mysql.cj.jdbc.StatementImpl.executeLargeUpdate(StatementImpl.java:2084)
	at com.mysql.cj.jdbc.StatementImpl.executeUpdate(StatementImpl.java:1245)
	at com.xmysql.server.test.BaseIntegrationTest.executeUpdate(BaseIntegrationTest.java:64)
	at com.xmysql.server.test.DDLOperationsTest.lambda$1(DDLOperationsTest.java:97)
	at org.assertj.core.api.ThrowableAssert.catchThrowable(ThrowableAssert.java:63)
	at org.assertj.core.api.AssertionsForClassTypes.catchThrowable(AssertionsForClassTypes.java:892)
	at org.assertj.core.api.AssertionsForClassTypes.assertThatCode(AssertionsForClassTypes.java:863)
	at org.assertj.core.api.Assertions.assertThatCode(Assertions.java:1287)
	at com.xmysql.server.test.DDLOperationsTest.testDropDatabaseIfExists(DDLOperationsTest.java:97)
	at java.base/jdk.internal.reflect.NativeMethodAccessorImpl.invoke0(Native Method)
	at java.base/jdk.internal.reflect.NativeMethodAccessorImpl.invoke(NativeMethodAccessorImpl.java:77)
	at java.base/jdk.internal.reflect.DelegatingMethodAccessorImpl.invoke(DelegatingMethodAccessorImpl.java:43)
	at java.base/java.lang.reflect.Method.invoke(Method.java:568)
	at org.junit.platform.commons.util.ReflectionUtils.invokeMethod(ReflectionUtils.java:728)
	at org.junit.jupiter.engine.execution.MethodInvocation.proceed(MethodInvocation.java:60)
	at org.junit.jupiter.engine.execution.InvocationInterceptorChain$ValidatingInvocation.proceed(InvocationInterceptorChain.java:131)
	at org.junit.jupiter.engine.extension.TimeoutExtension.intercept(TimeoutExtension.java:156)
	at org.junit.jupiter.engine.extension.TimeoutExtension.interceptTestableMethod(TimeoutExtension.java:147)
	at org.junit.jupiter.engine.extension.TimeoutExtension.interceptTestMethod(TimeoutExtension.java:86)
	at org.junit.jupiter.engine.execution.InterceptingExecutableInvoker$ReflectiveInterceptorCall.lambda$ofVoidMethod$0(InterceptingExecutableInvoker.java:103)
	at org.junit.jupiter.engine.execution.InterceptingExecutableInvoker.lambda$invoke$0(InterceptingExecutableInvoker.java:93)
	at org.junit.jupiter.engine.execution.InvocationInterceptorChain$InterceptedInvocation.proceed(InvocationInterceptorChain.java:106)
	at org.junit.jupiter.engine.execution.InvocationInterceptorChain.proceed(InvocationInterceptorChain.java:64)
	at org.junit.jupiter.engine.execution.InvocationInterceptorChain.chainAndInvoke(InvocationInterceptorChain.java:45)
	at org.junit.jupiter.engine.execution.InvocationInterceptorChain.invoke(InvocationInterceptorChain.java:37)
	at org.junit.jupiter.engine.execution.InterceptingExecutableInvoker.invoke(InterceptingExecutableInvoker.java:92)
	at org.junit.jupiter.engine.execution.InterceptingExecutableInvoker.invoke(InterceptingExecutableInvoker.java:86)
	at org.junit.jupiter.engine.descriptor.TestMethodTestDescriptor.lambda$invokeTestMethod$7(TestMethodTestDescriptor.java:218)
	at org.junit.platform.engine.support.hierarchical.ThrowableCollector.execute(ThrowableCollector.java:73)
	at org.junit.jupiter.engine.descriptor.TestMethodTestDescriptor.invokeTestMethod(TestMethodTestDescriptor.java:214)
	at org.junit.jupiter.engine.descriptor.TestMethodTestDescriptor.execute(TestMethodTestDescriptor.java:139)
	at org.junit.jupiter.engine.descriptor.TestMethodTestDescriptor.execute(TestMethodTestDescriptor.java:69)
	at org.junit.platform.engine.support.hierarchical.NodeTestTask.lambda$executeRecursively$6(NodeTestTask.java:151)
	at org.junit.platform.engine.support.hierarchical.ThrowableCollector.execute(ThrowableCollector.java:73)
	at org.junit.platform.engine.support.hierarchical.NodeTestTask.lambda$executeRecursively$8(NodeTestTask.java:141)
	at org.junit.platform.engine.support.hierarchical.Node.around(Node.java:137)
	at org.junit.platform.engine.support.hierarchical.NodeTestTask.lambda$executeRecursively$9(NodeTestTask.java:139)
	at org.junit.platform.engine.support.hierarchical.ThrowableCollector.execute(ThrowableCollector.java:73)
	at org.junit.platform.engine.support.hierarchical.NodeTestTask.executeRecursively(NodeTestTask.java:138)
	at org.junit.platform.engine.support.hierarchical.NodeTestTask.execute(NodeTestTask.java:95)
	at java.base/java.util.ArrayList.forEach(ArrayList.java:1511)
	at org.junit.platform.engine.support.hierarchical.SameThreadHierarchicalTestExecutorService.invokeAll(SameThreadHierarchicalTestExecutorService.java:41)
	at org.junit.platform.engine.support.hierarchical.NodeTestTask.lambda$executeRecursively$6(NodeTestTask.java:155)
	at org.junit.platform.engine.support.hierarchical.ThrowableCollector.execute(ThrowableCollector.java:73)
	at org.junit.platform.engine.support.hierarchical.NodeTestTask.lambda$executeRecursively$8(NodeTestTask.java:141)
	at org.junit.platform.engine.support.hierarchical.Node.around(Node.java:137)
	at org.junit.platform.engine.support.hierarchical.NodeTestTask.lambda$executeRecursively$9(NodeTestTask.java:139)
	at org.junit.platform.engine.support.hierarchical.ThrowableCollector.execute(ThrowableCollector.java:73)
	at org.junit.platform.engine.support.hierarchical.NodeTestTask.executeRecursively(NodeTestTask.java:138)
	at org.junit.platform.engine.support.hierarchical.NodeTestTask.execute(NodeTestTask.java:95)
	at java.base/java.util.ArrayList.forEach(ArrayList.java:1511)
	at org.junit.platform.engine.support.hierarchical.SameThreadHierarchicalTestExecutorService.invokeAll(SameThreadHierarchicalTestExecutorService.java:41)
	at org.junit.platform.engine.support.hierarchical.NodeTestTask.lambda$executeRecursively$6(NodeTestTask.java:155)
	at org.junit.platform.engine.support.hierarchical.ThrowableCollector.execute(ThrowableCollector.java:73)
	at org.junit.platform.engine.support.hierarchical.NodeTestTask.lambda$executeRecursively$8(NodeTestTask.java:141)
	at org.junit.platform.engine.support.hierarchical.Node.around(Node.java:137)
	at org.junit.platform.engine.support.hierarchical.NodeTestTask.lambda$executeRecursively$9(NodeTestTask.java:139)
	at org.junit.platform.engine.support.hierarchical.ThrowableCollector.execute(ThrowableCollector.java:73)
	at org.junit.platform.engine.support.hierarchical.NodeTestTask.executeRecursively(NodeTestTask.java:138)
	at org.junit.platform.engine.support.hierarchical.NodeTestTask.execute(NodeTestTask.java:95)
	at org.junit.platform.engine.support.hierarchical.SameThreadHierarchicalTestExecutorService.submit(SameThreadHierarchicalTestExecutorService.java:35)
	at org.junit.platform.engine.support.hierarchical.HierarchicalTestExecutor.execute(HierarchicalTestExecutor.java:57)
	at org.junit.platform.engine.support.hierarchical.HierarchicalTestEngine.execute(HierarchicalTestEngine.java:54)
	at org.junit.platform.launcher.core.EngineExecutionOrchestrator.execute(EngineExecutionOrchestrator.java:198)
	at org.junit.platform.launcher.core.EngineExecutionOrchestrator.execute(EngineExecutionOrchestrator.java:169)
	at org.junit.platform.launcher.core.EngineExecutionOrchestrator.execute(EngineExecutionOrchestrator.java:93)
	at org.junit.platform.launcher.core.EngineExecutionOrchestrator.lambda$execute$0(EngineExecutionOrchestrator.java:58)
	at org.junit.platform.launcher.core.EngineExecutionOrchestrator.withInterceptedStreams(EngineExecutionOrchestrator.java:141)
	at org.junit.platform.launcher.core.EngineExecutionOrchestrator.execute(EngineExecutionOrchestrator.java:57)
	at org.junit.platform.launcher.core.DefaultLauncher.execute(DefaultLauncher.java:103)
	at org.junit.platform.launcher.core.DefaultLauncher.execute(DefaultLauncher.java:85)
	at org.junit.platform.launcher.core.DelegatingLauncher.execute(DelegatingLauncher.java:47)
	at org.apache.maven.surefire.junitplatform.LazyLauncher.execute(LazyLauncher.java:56)
	at org.apache.maven.surefire.junitplatform.JUnitPlatformProvider.execute(JUnitPlatformProvider.java:184)
	at org.apache.maven.surefire.junitplatform.JUnitPlatformProvider.invokeAllTests(JUnitPlatformProvider.java:148)
	at org.apache.maven.surefire.junitplatform.JUnitPlatformProvider.invoke(JUnitPlatformProvider.java:122)
	at org.apache.maven.surefire.booter.ForkedBooter.runSuitesInProcess(ForkedBooter.java:385)
	at org.apache.maven.surefire.booter.ForkedBooter.execute(ForkedBooter.java:162)
	at org.apache.maven.surefire.booter.ForkedBooter.run(ForkedBooter.java:507)
	at org.apache.maven.surefire.booter.ForkedBooter.main(ForkedBooter.java:495)
"
	at com.xmysql.server.test.DDLOperationsTest.testDropDatabaseIfExists(DDLOperationsTest.java:98)
	at java.base/java.lang.reflect.Method.invoke(Method.java:568)
	at java.base/java.util.ArrayList.forEach(ArrayList.java:1511)
	at java.base/java.util.ArrayList.forEach(ArrayList.java:1511)
	Suppressed: java.sql.SQLException: database 'test_ddl_db_1' does not exist
		at com.mysql.cj.jdbc.exceptions.SQLError.createSQLException(SQLError.java:130)
		at com.mysql.cj.jdbc.exceptions.SQLExceptionsMapping.translateException(SQLExceptionsMapping.java:122)
		at com.mysql.cj.jdbc.StatementImpl.executeUpdateInternal(StatementImpl.java:1334)
		at com.mysql.cj.jdbc.StatementImpl.executeLargeUpdate(StatementImpl.java:2084)
		at com.mysql.cj.jdbc.StatementImpl.executeUpdate(StatementImpl.java:1245)
		at com.xmysql.server.test.BaseIntegrationTest.executeUpdate(BaseIntegrationTest.java:64)
		at com.xmysql.server.test.BaseIntegrationTest.dropDatabaseIfExists(BaseIntegrationTest.java:125)
		at com.xmysql.server.test.DDLOperationsTest.cleanUp(DDLOperationsTest.java:25)
		... 3 more
]]></failure>
  </testcase>
  <testcase name="testCreateTableBasicTypes" classname="com.xmysql.server.test.DDLOperationsTest" time="0.011">
    <error message="table &apos;test_table_basic&apos; already exists" type="java.sql.SQLException"><![CDATA[java.sql.SQLException: table 'test_table_basic' already exists
	at com.mysql.cj.jdbc.exceptions.SQLError.createSQLException(SQLError.java:130)
	at com.mysql.cj.jdbc.exceptions.SQLExceptionsMapping.translateException(SQLExceptionsMapping.java:122)
	at com.mysql.cj.jdbc.StatementImpl.executeUpdateInternal(StatementImpl.java:1334)
	at com.mysql.cj.jdbc.StatementImpl.executeLargeUpdate(StatementImpl.java:2084)
	at com.mysql.cj.jdbc.StatementImpl.executeUpdate(StatementImpl.java:1245)
	at com.xmysql.server.test.BaseIntegrationTest.executeUpdate(BaseIntegrationTest.java:64)
	at com.xmysql.server.test.DDLOperationsTest.testCreateTableBasicTypes(DDLOperationsTest.java:124)
	at java.base/java.lang.reflect.Method.invoke(Method.java:568)
	at java.base/java.util.ArrayList.forEach(ArrayList.java:1511)
	at java.base/java.util.ArrayList.forEach(ArrayList.java:1511)
	Suppressed: java.sql.SQLException: database 'test_ddl_db_1' does not exist
		at com.mysql.cj.jdbc.exceptions.SQLError.createSQLException(SQLError.java:130)
		at com.mysql.cj.jdbc.exceptions.SQLExceptionsMapping.translateException(SQLExceptionsMapping.java:122)
		at com.mysql.cj.jdbc.StatementImpl.executeUpdateInternal(StatementImpl.java:1334)
		at com.mysql.cj.jdbc.StatementImpl.executeLargeUpdate(StatementImpl.java:2084)
		at com.mysql.cj.jdbc.StatementImpl.executeUpdate(StatementImpl.java:1245)
		at com.xmysql.server.test.BaseIntegrationTest.executeUpdate(BaseIntegrationTest.java:64)
		at com.xmysql.server.test.BaseIntegrationTest.dropDatabaseIfExists(BaseIntegrationTest.java:125)
		at com.xmysql.server.test.DDLOperationsTest.cleanUp(DDLOperationsTest.java:25)
		... 3 more
]]></error>
  </testcase>
  <testcase name="testCreateTableWithIndex" classname="com.xmysql.server.test.DDLOperationsTest" time="0.012">
    <error message="table &apos;test_table_indexed&apos; already exists" type="java.sql.SQLException"><![CDATA[java.sql.SQLException: table 'test_table_indexed' already exists
	at com.mysql.cj.jdbc.exceptions.SQLError.createSQLException(SQLError.java:130)
	at com.mysql.cj.jdbc.exceptions.SQLExceptionsMapping.translateException(SQLExceptionsMapping.java:122)
	at com.mysql.cj.jdbc.StatementImpl.executeUpdateInternal(StatementImpl.java:1334)
	at com.mysql.cj.jdbc.StatementImpl.executeLargeUpdate(StatementImpl.java:2084)
	at com.mysql.cj.jdbc.StatementImpl.executeUpdate(StatementImpl.java:1245)
	at com.xmysql.server.test.BaseIntegrationTest.executeUpdate(BaseIntegrationTest.java:64)
	at com.xmysql.server.test.DDLOperationsTest.testCreateTableWithIndex(DDLOperationsTest.java:151)
	at java.base/java.lang.reflect.Method.invoke(Method.java:568)
	at java.base/java.util.ArrayList.forEach(ArrayList.java:1511)
	at java.base/java.util.ArrayList.forEach(ArrayList.java:1511)
	Suppressed: java.sql.SQLException: database 'test_ddl_db_1' does not exist
		at com.mysql.cj.jdbc.exceptions.SQLError.createSQLException(SQLError.java:130)
		at com.mysql.cj.jdbc.exceptions.SQLExceptionsMapping.translateException(SQLExceptionsMapping.java:122)
		at com.mysql.cj.jdbc.StatementImpl.executeUpdateInternal(StatementImpl.java:1334)
		at com.mysql.cj.jdbc.StatementImpl.executeLargeUpdate(StatementImpl.java:2084)
		at com.mysql.cj.jdbc.StatementImpl.executeUpdate(StatementImpl.java:1245)
		at com.xmysql.server.test.BaseIntegrationTest.executeUpdate(BaseIntegrationTest.java:64)
		at com.xmysql.server.test.BaseIntegrationTest.dropDatabaseIfExists(BaseIntegrationTest.java:125)
		at com.xmysql.server.test.DDLOperationsTest.cleanUp(DDLOperationsTest.java:25)
		... 3 more
]]></error>
  </testcase>
  <testcase name="testCreateTableWithForeignKey" classname="com.xmysql.server.test.DDLOperationsTest" time="0.014">
    <error message="table &apos;users&apos; already exists" type="java.sql.SQLException"><![CDATA[java.sql.SQLException: table 'users' already exists
	at com.mysql.cj.jdbc.exceptions.SQLError.createSQLException(SQLError.java:130)
	at com.mysql.cj.jdbc.exceptions.SQLExceptionsMapping.translateException(SQLExceptionsMapping.java:122)
	at com.mysql.cj.jdbc.StatementImpl.executeUpdateInternal(StatementImpl.java:1334)
	at com.mysql.cj.jdbc.StatementImpl.executeLargeUpdate(StatementImpl.java:2084)
	at com.mysql.cj.jdbc.StatementImpl.executeUpdate(StatementImpl.java:1245)
	at com.xmysql.server.test.BaseIntegrationTest.executeUpdate(BaseIntegrationTest.java:64)
	at com.xmysql.server.test.DDLOperationsTest.testCreateTableWithForeignKey(DDLOperationsTest.java:169)
	at java.base/java.lang.reflect.Method.invoke(Method.java:568)
	at java.base/java.util.ArrayList.forEach(ArrayList.java:1511)
	at java.base/java.util.ArrayList.forEach(ArrayList.java:1511)
	Suppressed: java.sql.SQLException: database 'test_ddl_db_1' does not exist
		at com.mysql.cj.jdbc.exceptions.SQLError.createSQLException(SQLError.java:130)
		at com.mysql.cj.jdbc.exceptions.SQLExceptionsMapping.translateException(SQLExceptionsMapping.java:122)
		at com.mysql.cj.jdbc.StatementImpl.executeUpdateInternal(StatementImpl.java:1334)
		at com.mysql.cj.jdbc.StatementImpl.executeLargeUpdate(StatementImpl.java:2084)
		at com.mysql.cj.jdbc.StatementImpl.executeUpdate(StatementImpl.java:1245)
		at com.xmysql.server.test.BaseIntegrationTest.executeUpdate(BaseIntegrationTest.java:64)
		at com.xmysql.server.test.BaseIntegrationTest.dropDatabaseIfExists(BaseIntegrationTest.java:125)
		at com.xmysql.server.test.DDLOperationsTest.cleanUp(DDLOperationsTest.java:25)
		... 3 more
]]></error>
  </testcase>
  <testcase name="testDropTable" classname="com.xmysql.server.test.DDLOperationsTest" time="0.012">
    <error message="table &apos;test_table_drop&apos; already exists" type="java.sql.SQLException"><![CDATA[java.sql.SQLException: table 'test_table_drop' already exists
	at com.mysql.cj.jdbc.exceptions.SQLError.createSQLException(SQLError.java:130)
	at com.mysql.cj.jdbc.exceptions.SQLExceptionsMapping.translateException(SQLExceptionsMapping.java:122)
	at com.mysql.cj.jdbc.StatementImpl.executeUpdateInternal(StatementImpl.java:1334)
	at com.mysql.cj.jdbc.StatementImpl.executeLargeUpdate(StatementImpl.java:2084)
	at com.mysql.cj.jdbc.StatementImpl.executeUpdate(StatementImpl.java:1245)
	at com.xmysql.server.test.BaseIntegrationTest.executeUpdate(BaseIntegrationTest.java:64)
	at com.xmysql.server.test.DDLOperationsTest.testDropTable(DDLOperationsTest.java:205)
	at java.base/java.lang.reflect.Method.invoke(Method.java:568)
	at java.base/java.util.ArrayList.forEach(ArrayList.java:1511)
	at java.base/java.util.ArrayList.forEach(ArrayList.java:1511)
	Suppressed: java.sql.SQLException: database 'test_ddl_db_1' does not exist
		at com.mysql.cj.jdbc.exceptions.SQLError.createSQLException(SQLError.java:130)
		at com.mysql.cj.jdbc.exceptions.SQLExceptionsMapping.translateException(SQLExceptionsMapping.java:122)
		at com.mysql.cj.jdbc.StatementImpl.executeUpdateInternal(StatementImpl.java:1334)
		at com.mysql.cj.jdbc.StatementImpl.executeLargeUpdate(StatementImpl.java:2084)
		at com.mysql.cj.jdbc.StatementImpl.executeUpdate(StatementImpl.java:1245)
		at com.xmysql.server.test.BaseIntegrationTest.executeUpdate(BaseIntegrationTest.java:64)
		at com.xmysql.server.test.BaseIntegrationTest.dropDatabaseIfExists(BaseIntegrationTest.java:125)
		at com.xmysql.server.test.DDLOperationsTest.cleanUp(DDLOperationsTest.java:25)
		... 3 more
]]></error>
  </testcase>
  <testcase name="testAlterTableAddColumn" classname="com.xmysql.server.test.DDLOperationsTest" time="0.014">
    <error message="table &apos;test_table_alter&apos; already exists" type="java.sql.SQLException"><![CDATA[java.sql.SQLException: table 'test_table_alter' already exists
	at com.mysql.cj.jdbc.exceptions.SQLError.createSQLException(SQLError.java:130)
	at com.mysql.cj.jdbc.exceptions.SQLExceptionsMapping.translateException(SQLExceptionsMapping.java:122)
	at com.mysql.cj.jdbc.StatementImpl.executeUpdateInternal(StatementImpl.java:1334)
	at com.mysql.cj.jdbc.StatementImpl.executeLargeUpdate(StatementImpl.java:2084)
	at com.mysql.cj.jdbc.StatementImpl.executeUpdate(StatementImpl.java:1245)
	at com.xmysql.server.test.BaseIntegrationTest.executeUpdate(BaseIntegrationTest.java:64)
	at com.xmysql.server.test.DDLOperationsTest.testAlterTableAddColumn(DDLOperationsTest.java:242)
	at java.base/java.lang.reflect.Method.invoke(Method.java:568)
	at java.base/java.util.ArrayList.forEach(ArrayList.java:1511)
	at java.base/java.util.ArrayList.forEach(ArrayList.java:1511)
	Suppressed: java.sql.SQLException: database 'test_ddl_db_1' does not exist
		at com.mysql.cj.jdbc.exceptions.SQLError.createSQLException(SQLError.java:130)
		at com.mysql.cj.jdbc.exceptions.SQLExceptionsMapping.translateException(SQLExceptionsMapping.java:122)
		at com.mysql.cj.jdbc.StatementImpl.executeUpdateInternal(StatementImpl.java:1334)
		at com.mysql.cj.jdbc.StatementImpl.executeLargeUpdate(StatementImpl.java:2084)
		at com.mysql.cj.jdbc.StatementImpl.executeUpdate(StatementImpl.java:1245)
		at com.xmysql.server.test.BaseIntegrationTest.executeUpdate(BaseIntegrationTest.java:64)
		at com.xmysql.server.test.BaseIntegrationTest.dropDatabaseIfExists(BaseIntegrationTest.java:125)
		at com.xmysql.server.test.DDLOperationsTest.cleanUp(DDLOperationsTest.java:25)
		... 3 more
]]></error>
  </testcase>
  <testcase name="testTruncateTable" classname="com.xmysql.server.test.DDLOperationsTest" time="0.012">
    <error message="table &apos;test_table_truncate&apos; already exists" type="java.sql.SQLException"><![CDATA[java.sql.SQLException: table 'test_table_truncate' already exists
	at com.mysql.cj.jdbc.exceptions.SQLError.createSQLException(SQLError.java:130)
	at com.mysql.cj.jdbc.exceptions.SQLExceptionsMapping.translateException(SQLExceptionsMapping.java:122)
	at com.mysql.cj.jdbc.StatementImpl.executeUpdateInternal(StatementImpl.java:1334)
	at com.mysql.cj.jdbc.StatementImpl.executeLargeUpdate(StatementImpl.java:2084)
	at com.mysql.cj.jdbc.StatementImpl.executeUpdate(StatementImpl.java:1245)
	at com.xmysql.server.test.BaseIntegrationTest.executeUpdate(BaseIntegrationTest.java:64)
	at com.xmysql.server.test.DDLOperationsTest.testTruncateTable(DDLOperationsTest.java:264)
	at java.base/java.lang.reflect.Method.invoke(Method.java:568)
	at java.base/java.util.ArrayList.forEach(ArrayList.java:1511)
	at java.base/java.util.ArrayList.forEach(ArrayList.java:1511)
	Suppressed: java.sql.SQLException: database 'test_ddl_db_1' does not exist
		at com.mysql.cj.jdbc.exceptions.SQLError.createSQLException(SQLError.java:130)
		at com.mysql.cj.jdbc.exceptions.SQLExceptionsMapping.translateException(SQLExceptionsMapping.java:122)
		at com.mysql.cj.jdbc.StatementImpl.executeUpdateInternal(StatementImpl.java:1334)
		at com.mysql.cj.jdbc.StatementImpl.executeLargeUpdate(StatementImpl.java:2084)
		at com.mysql.cj.jdbc.StatementImpl.executeUpdate(StatementImpl.java:1245)
		at com.xmysql.server.test.BaseIntegrationTest.executeUpdate(BaseIntegrationTest.java:64)
		at com.xmysql.server.test.BaseIntegrationTest.dropDatabaseIfExists(BaseIntegrationTest.java:125)
		at com.xmysql.server.test.DDLOperationsTest.cleanUp(DDLOperationsTest.java:25)
		... 3 more
]]></error>
  </testcase>
  <testcase name="testCreateDatabaseWithDifferentCharsets(String)[1]" classname="com.xmysql.server.test.DDLOperationsTest" time="0.057">
    <error message="database &apos;test_ddl_db_charset_utf8&apos; already exists" type="java.sql.SQLException"><![CDATA[java.sql.SQLException: database 'test_ddl_db_charset_utf8' already exists
	at com.mysql.cj.jdbc.exceptions.SQLError.createSQLException(SQLError.java:130)
	at com.mysql.cj.jdbc.exceptions.SQLExceptionsMapping.translateException(SQLExceptionsMapping.java:122)
	at com.mysql.cj.jdbc.StatementImpl.executeUpdateInternal(StatementImpl.java:1334)
	at com.mysql.cj.jdbc.StatementImpl.executeLargeUpdate(StatementImpl.java:2084)
	at com.mysql.cj.jdbc.StatementImpl.executeUpdate(StatementImpl.java:1245)
	at com.xmysql.server.test.BaseIntegrationTest.executeUpdate(BaseIntegrationTest.java:64)
	at com.xmysql.server.test.DDLOperationsTest.testCreateDatabaseWithDifferentCharsets(DDLOperationsTest.java:223)
	at java.base/java.lang.reflect.Method.invoke(Method.java:568)
	at java.base/java.util.stream.ForEachOps$ForEachOp$OfRef.accept(ForEachOps.java:183)
	at java.base/java.util.stream.ReferencePipeline$3$1.accept(ReferencePipeline.java:197)
	at java.base/java.util.stream.ReferencePipeline$2$1.accept(ReferencePipeline.java:179)
	at java.base/java.util.stream.ReferencePipeline$3$1.accept(ReferencePipeline.java:197)
	at java.base/java.util.stream.ForEachOps$ForEachOp$OfRef.accept(ForEachOps.java:183)
	at java.base/java.util.stream.ReferencePipeline$3$1.accept(ReferencePipeline.java:197)
	at java.base/java.util.stream.ReferencePipeline$3$1.accept(ReferencePipeline.java:197)
	at java.base/java.util.stream.ReferencePipeline$3$1.accept(ReferencePipeline.java:197)
	at java.base/java.util.stream.ForEachOps$ForEachOp$OfRef.accept(ForEachOps.java:183)
	at java.base/java.util.stream.ReferencePipeline$3$1.accept(ReferencePipeline.java:197)
	at java.base/java.util.Spliterators$ArraySpliterator.forEachRemaining(Spliterators.java:992)
	at java.base/java.util.stream.AbstractPipeline.copyInto(AbstractPipeline.java:509)
	at java.base/java.util.stream.AbstractPipeline.wrapAndCopyInto(AbstractPipeline.java:499)
	at java.base/java.util.stream.ForEachOps$ForEachOp.evaluateSequential(ForEachOps.java:150)
	at java.base/java.util.stream.ForEachOps$ForEachOp$OfRef.evaluateSequential(ForEachOps.java:173)
	at java.base/java.util.stream.AbstractPipeline.evaluate(AbstractPipeline.java:234)
	at java.base/java.util.stream.ReferencePipeline.forEach(ReferencePipeline.java:596)
	at java.base/java.util.stream.ReferencePipeline$7$1.accept(ReferencePipeline.java:276)
	at java.base/java.util.stream.ReferencePipeline$3$1.accept(ReferencePipeline.java:197)
	at java.base/java.util.stream.ReferencePipeline$3$1.accept(ReferencePipeline.java:197)
	at java.base/java.util.stream.ReferencePipeline$3$1.accept(ReferencePipeline.java:197)
	at java.base/java.util.ArrayList$ArrayListSpliterator.forEachRemaining(ArrayList.java:1625)
	at java.base/java.util.stream.AbstractPipeline.copyInto(AbstractPipeline.java:509)
	at java.base/java.util.stream.AbstractPipeline.wrapAndCopyInto(AbstractPipeline.java:499)
	at java.base/java.util.stream.ForEachOps$ForEachOp.evaluateSequential(ForEachOps.java:150)
	at java.base/java.util.stream.ForEachOps$ForEachOp$OfRef.evaluateSequential(ForEachOps.java:173)
	at java.base/java.util.stream.AbstractPipeline.evaluate(AbstractPipeline.java:234)
	at java.base/java.util.stream.ReferencePipeline.forEach(ReferencePipeline.java:596)
	at java.base/java.util.stream.ReferencePipeline$7$1.accept(ReferencePipeline.java:276)
	at java.base/java.util.ArrayList$ArrayListSpliterator.forEachRemaining(ArrayList.java:1625)
	at java.base/java.util.stream.AbstractPipeline.copyInto(AbstractPipeline.java:509)
	at java.base/java.util.stream.AbstractPipeline.wrapAndCopyInto(AbstractPipeline.java:499)
	at java.base/java.util.stream.ForEachOps$ForEachOp.evaluateSequential(ForEachOps.java:150)
	at java.base/java.util.stream.ForEachOps$ForEachOp$OfRef.evaluateSequential(ForEachOps.java:173)
	at java.base/java.util.stream.AbstractPipeline.evaluate(AbstractPipeline.java:234)
	at java.base/java.util.stream.ReferencePipeline.forEach(ReferencePipeline.java:596)
	at java.base/java.util.ArrayList.forEach(ArrayList.java:1511)
	at java.base/java.util.ArrayList.forEach(ArrayList.java:1511)
	Suppressed: java.sql.SQLException: database 'test_ddl_db_1' does not exist
		at com.mysql.cj.jdbc.exceptions.SQLError.createSQLException(SQLError.java:130)
		at com.mysql.cj.jdbc.exceptions.SQLExceptionsMapping.translateException(SQLExceptionsMapping.java:122)
		at com.mysql.cj.jdbc.StatementImpl.executeUpdateInternal(StatementImpl.java:1334)
		at com.mysql.cj.jdbc.StatementImpl.executeLargeUpdate(StatementImpl.java:2084)
		at com.mysql.cj.jdbc.StatementImpl.executeUpdate(StatementImpl.java:1245)
		at com.xmysql.server.test.BaseIntegrationTest.executeUpdate(BaseIntegrationTest.java:64)
		at com.xmysql.server.test.BaseIntegrationTest.dropDatabaseIfExists(BaseIntegrationTest.java:125)
		at com.xmysql.server.test.DDLOperationsTest.cleanUp(DDLOperationsTest.java:25)
		... 39 more
]]></error>
  </testcase>
  <testcase name="testCreateDatabaseWithDifferentCharsets(String)[2]" classname="com.xmysql.server.test.DDLOperationsTest" time="0.009">
    <error message="database &apos;test_ddl_db_charset_utf8mb4&apos; already exists" type="java.sql.SQLException"><![CDATA[java.sql.SQLException: database 'test_ddl_db_charset_utf8mb4' already exists
	at com.mysql.cj.jdbc.exceptions.SQLError.createSQLException(SQLError.java:130)
	at com.mysql.cj.jdbc.exceptions.SQLExceptionsMapping.translateException(SQLExceptionsMapping.java:122)
	at com.mysql.cj.jdbc.StatementImpl.executeUpdateInternal(StatementImpl.java:1334)
	at com.mysql.cj.jdbc.StatementImpl.executeLargeUpdate(StatementImpl.java:2084)
	at com.mysql.cj.jdbc.StatementImpl.executeUpdate(StatementImpl.java:1245)
	at com.xmysql.server.test.BaseIntegrationTest.executeUpdate(BaseIntegrationTest.java:64)
	at com.xmysql.server.test.DDLOperationsTest.testCreateDatabaseWithDifferentCharsets(DDLOperationsTest.java:223)
	at java.base/java.lang.reflect.Method.invoke(Method.java:568)
	at java.base/java.util.stream.ForEachOps$ForEachOp$OfRef.accept(ForEachOps.java:183)
	at java.base/java.util.stream.ReferencePipeline$3$1.accept(ReferencePipeline.java:197)
	at java.base/java.util.stream.ReferencePipeline$2$1.accept(ReferencePipeline.java:179)
	at java.base/java.util.stream.ReferencePipeline$3$1.accept(ReferencePipeline.java:197)
	at java.base/java.util.stream.ForEachOps$ForEachOp$OfRef.accept(ForEachOps.java:183)
	at java.base/java.util.stream.ReferencePipeline$3$1.accept(ReferencePipeline.java:197)
	at java.base/java.util.stream.ReferencePipeline$3$1.accept(ReferencePipeline.java:197)
	at java.base/java.util.stream.ReferencePipeline$3$1.accept(ReferencePipeline.java:197)
	at java.base/java.util.stream.ForEachOps$ForEachOp$OfRef.accept(ForEachOps.java:183)
	at java.base/java.util.stream.ReferencePipeline$3$1.accept(ReferencePipeline.java:197)
	at java.base/java.util.Spliterators$ArraySpliterator.forEachRemaining(Spliterators.java:992)
	at java.base/java.util.stream.AbstractPipeline.copyInto(AbstractPipeline.java:509)
	at java.base/java.util.stream.AbstractPipeline.wrapAndCopyInto(AbstractPipeline.java:499)
	at java.base/java.util.stream.ForEachOps$ForEachOp.evaluateSequential(ForEachOps.java:150)
	at java.base/java.util.stream.ForEachOps$ForEachOp$OfRef.evaluateSequential(ForEachOps.java:173)
	at java.base/java.util.stream.AbstractPipeline.evaluate(AbstractPipeline.java:234)
	at java.base/java.util.stream.ReferencePipeline.forEach(ReferencePipeline.java:596)
	at java.base/java.util.stream.ReferencePipeline$7$1.accept(ReferencePipeline.java:276)
	at java.base/java.util.stream.ReferencePipeline$3$1.accept(ReferencePipeline.java:197)
	at java.base/java.util.stream.ReferencePipeline$3$1.accept(ReferencePipeline.java:197)
	at java.base/java.util.stream.ReferencePipeline$3$1.accept(ReferencePipeline.java:197)
	at java.base/java.util.ArrayList$ArrayListSpliterator.forEachRemaining(ArrayList.java:1625)
	at java.base/java.util.stream.AbstractPipeline.copyInto(AbstractPipeline.java:509)
	at java.base/java.util.stream.AbstractPipeline.wrapAndCopyInto(AbstractPipeline.java:499)
	at java.base/java.util.stream.ForEachOps$ForEachOp.evaluateSequential(ForEachOps.java:150)
	at java.base/java.util.stream.ForEachOps$ForEachOp$OfRef.evaluateSequential(ForEachOps.java:173)
	at java.base/java.util.stream.AbstractPipeline.evaluate(AbstractPipeline.java:234)
	at java.base/java.util.stream.ReferencePipeline.forEach(ReferencePipeline.java:596)
	at java.base/java.util.stream.ReferencePipeline$7$1.accept(ReferencePipeline.java:276)
	at java.base/java.util.ArrayList$ArrayListSpliterator.forEachRemaining(ArrayList.java:1625)
	at java.base/java.util.stream.AbstractPipeline.copyInto(AbstractPipeline.java:509)
	at java.base/java.util.stream.AbstractPipeline.wrapAndCopyInto(AbstractPipeline.java:499)
	at java.base/java.util.stream.ForEachOps$ForEachOp.evaluateSequential(ForEachOps.java:150)
	at java.base/java.util.stream.ForEachOps$ForEachOp$OfRef.evaluateSequential(ForEachOps.java:173)
	at java.base/java.util.stream.AbstractPipeline.evaluate(AbstractPipeline.java:234)
	at java.base/java.util.stream.ReferencePipeline.forEach(ReferencePipeline.java:596)
	at java.base/java.util.ArrayList.forEach(ArrayList.java:1511)
	at java.base/java.util.ArrayList.forEach(ArrayList.java:1511)
	Suppressed: java.sql.SQLException: database 'test_ddl_db_1' does not exist
		at com.mysql.cj.jdbc.exceptions.SQLError.createSQLException(SQLError.java:130)
		at com.mysql.cj.jdbc.exceptions.SQLExceptionsMapping.translateException(SQLExceptionsMapping.java:122)
		at com.mysql.cj.jdbc.StatementImpl.executeUpdateInternal(StatementImpl.java:1334)
		at com.mysql.cj.jdbc.StatementImpl.executeLargeUpdate(StatementImpl.java:2084)
		at com.mysql.cj.jdbc.StatementImpl.executeUpdate(StatementImpl.java:1245)
		at com.xmysql.server.test.BaseIntegrationTest.executeUpdate(BaseIntegrationTest.java:64)
		at com.xmysql.server.test.BaseIntegrationTest.dropDatabaseIfExists(BaseIntegrationTest.java:125)
		at com.xmysql.server.test.DDLOperationsTest.cleanUp(DDLOperationsTest.java:25)
		... 39 more
]]></error>
  </testcase>
  <testcase name="testCreateDatabaseWithDifferentCharsets(String)[3]" classname="com.xmysql.server.test.DDLOperationsTest" time="0.01">
    <error message="database &apos;test_ddl_db_charset_latin1&apos; already exists" type="java.sql.SQLException"><![CDATA[java.sql.SQLException: database 'test_ddl_db_charset_latin1' already exists
	at com.mysql.cj.jdbc.exceptions.SQLError.createSQLException(SQLError.java:130)
	at com.mysql.cj.jdbc.exceptions.SQLExceptionsMapping.translateException(SQLExceptionsMapping.java:122)
	at com.mysql.cj.jdbc.StatementImpl.executeUpdateInternal(StatementImpl.java:1334)
	at com.mysql.cj.jdbc.StatementImpl.executeLargeUpdate(StatementImpl.java:2084)
	at com.mysql.cj.jdbc.StatementImpl.executeUpdate(StatementImpl.java:1245)
	at com.xmysql.server.test.BaseIntegrationTest.executeUpdate(BaseIntegrationTest.java:64)
	at com.xmysql.server.test.DDLOperationsTest.testCreateDatabaseWithDifferentCharsets(DDLOperationsTest.java:223)
	at java.base/java.lang.reflect.Method.invoke(Method.java:568)
	at java.base/java.util.stream.ForEachOps$ForEachOp$OfRef.accept(ForEachOps.java:183)
	at java.base/java.util.stream.ReferencePipeline$3$1.accept(ReferencePipeline.java:197)
	at java.base/java.util.stream.ReferencePipeline$2$1.accept(ReferencePipeline.java:179)
	at java.base/java.util.stream.ReferencePipeline$3$1.accept(ReferencePipeline.java:197)
	at java.base/java.util.stream.ForEachOps$ForEachOp$OfRef.accept(ForEachOps.java:183)
	at java.base/java.util.stream.ReferencePipeline$3$1.accept(ReferencePipeline.java:197)
	at java.base/java.util.stream.ReferencePipeline$3$1.accept(ReferencePipeline.java:197)
	at java.base/java.util.stream.ReferencePipeline$3$1.accept(ReferencePipeline.java:197)
	at java.base/java.util.stream.ForEachOps$ForEachOp$OfRef.accept(ForEachOps.java:183)
	at java.base/java.util.stream.ReferencePipeline$3$1.accept(ReferencePipeline.java:197)
	at java.base/java.util.Spliterators$ArraySpliterator.forEachRemaining(Spliterators.java:992)
	at java.base/java.util.stream.AbstractPipeline.copyInto(AbstractPipeline.java:509)
	at java.base/java.util.stream.AbstractPipeline.wrapAndCopyInto(AbstractPipeline.java:499)
	at java.base/java.util.stream.ForEachOps$ForEachOp.evaluateSequential(ForEachOps.java:150)
	at java.base/java.util.stream.ForEachOps$ForEachOp$OfRef.evaluateSequential(ForEachOps.java:173)
	at java.base/java.util.stream.AbstractPipeline.evaluate(AbstractPipeline.java:234)
	at java.base/java.util.stream.ReferencePipeline.forEach(ReferencePipeline.java:596)
	at java.base/java.util.stream.ReferencePipeline$7$1.accept(ReferencePipeline.java:276)
	at java.base/java.util.stream.ReferencePipeline$3$1.accept(ReferencePipeline.java:197)
	at java.base/java.util.stream.ReferencePipeline$3$1.accept(ReferencePipeline.java:197)
	at java.base/java.util.stream.ReferencePipeline$3$1.accept(ReferencePipeline.java:197)
	at java.base/java.util.ArrayList$ArrayListSpliterator.forEachRemaining(ArrayList.java:1625)
	at java.base/java.util.stream.AbstractPipeline.copyInto(AbstractPipeline.java:509)
	at java.base/java.util.stream.AbstractPipeline.wrapAndCopyInto(AbstractPipeline.java:499)
	at java.base/java.util.stream.ForEachOps$ForEachOp.evaluateSequential(ForEachOps.java:150)
	at java.base/java.util.stream.ForEachOps$ForEachOp$OfRef.evaluateSequential(ForEachOps.java:173)
	at java.base/java.util.stream.AbstractPipeline.evaluate(AbstractPipeline.java:234)
	at java.base/java.util.stream.ReferencePipeline.forEach(ReferencePipeline.java:596)
	at java.base/java.util.stream.ReferencePipeline$7$1.accept(ReferencePipeline.java:276)
	at java.base/java.util.ArrayList$ArrayListSpliterator.forEachRemaining(ArrayList.java:1625)
	at java.base/java.util.stream.AbstractPipeline.copyInto(AbstractPipeline.java:509)
	at java.base/java.util.stream.AbstractPipeline.wrapAndCopyInto(AbstractPipeline.java:499)
	at java.base/java.util.stream.ForEachOps$ForEachOp.evaluateSequential(ForEachOps.java:150)
	at java.base/java.util.stream.ForEachOps$ForEachOp$OfRef.evaluateSequential(ForEachOps.java:173)
	at java.base/java.util.stream.AbstractPipeline.evaluate(AbstractPipeline.java:234)
	at java.base/java.util.stream.ReferencePipeline.forEach(ReferencePipeline.java:596)
	at java.base/java.util.ArrayList.forEach(ArrayList.java:1511)
	at java.base/java.util.ArrayList.forEach(ArrayList.java:1511)
	Suppressed: java.sql.SQLException: database 'test_ddl_db_1' does not exist
		at com.mysql.cj.jdbc.exceptions.SQLError.createSQLException(SQLError.java:130)
		at com.mysql.cj.jdbc.exceptions.SQLExceptionsMapping.translateException(SQLExceptionsMapping.java:122)
		at com.mysql.cj.jdbc.StatementImpl.executeUpdateInternal(StatementImpl.java:1334)
		at com.mysql.cj.jdbc.StatementImpl.executeLargeUpdate(StatementImpl.java:2084)
		at com.mysql.cj.jdbc.StatementImpl.executeUpdate(StatementImpl.java:1245)
		at com.xmysql.server.test.BaseIntegrationTest.executeUpdate(BaseIntegrationTest.java:64)
		at com.xmysql.server.test.BaseIntegrationTest.dropDatabaseIfExists(BaseIntegrationTest.java:125)
		at com.xmysql.server.test.DDLOperationsTest.cleanUp(DDLOperationsTest.java:25)
		... 39 more
]]></error>
  </testcase>
</testsuite>